0 info it worked if it ends with ok
1 verbose cli [ '/Users/michaelyu/.nvm/versions/node/v6.2.1/bin/node',
1 verbose cli   '/Users/michaelyu/.nvm/versions/node/v6.2.1/bin/npm',
1 verbose cli   'start' ]
2 info using npm@3.9.3
3 info using node@v6.2.1
4 verbose stack Error: Failed to parse json
4 verbose stack Unexpected token '/' at 5:3
4 verbose stack   // "homepage": "fortheboys.fun",
4 verbose stack   ^
4 verbose stack     at parseError (/Users/michaelyu/.nvm/versions/node/v6.2.1/lib/node_modules/npm/node_modules/read-package-json/read-json.js:390:11)
4 verbose stack     at parseJson (/Users/michaelyu/.nvm/versions/node/v6.2.1/lib/node_modules/npm/node_modules/read-package-json/read-json.js:79:23)
4 verbose stack     at /Users/michaelyu/.nvm/versions/node/v6.2.1/lib/node_modules/npm/node_modules/read-package-json/read-json.js:48:5
4 verbose stack     at /Users/michaelyu/.nvm/versions/node/v6.2.1/lib/node_modules/npm/node_modules/graceful-fs/graceful-fs.js:78:16
4 verbose stack     at tryToString (fs.js:449:3)
4 verbose stack     at FSReqWrap.readFileAfterClose [as oncomplete] (fs.js:436:12)
5 verbose cwd /Users/michaelyu/src/for-the-boys
6 error Darwin 15.6.0
7 error argv "/Users/michaelyu/.nvm/versions/node/v6.2.1/bin/node" "/Users/michaelyu/.nvm/versions/node/v6.2.1/bin/npm" "start"
8 error node v6.2.1
9 error npm  v3.9.3
10 error file /Users/michaelyu/src/for-the-boys/package.json
11 error code EJSONPARSE
12 error Failed to parse json
12 error Unexpected token '/' at 5:3
12 error   // "homepage": "fortheboys.fun",
12 error   ^
13 error File: /Users/michaelyu/src/for-the-boys/package.json
14 error Failed to parse package.json data.
14 error package.json must be actual JSON, not just JavaScript.
14 error
14 error This is not a bug in npm.
14 error Tell the package author to fix their package.json file. JSON.parse
15 verbose exit [ 1, true ]
